03/05/2020 09:01:53 Guardião Itaú, versão 2.1.0 Descrição do processo de instalação do Guardião. As informações contidas nesse documento poderão ser solicitadas pela central de atendimento caso ocorra um erro no processo de instalação. A exclusão desse documento não acarreta nenhum problema de performance na sua máquina.
03/05/2020 09:01:53 2.4.0.21
03/05/2020 09:01:53 Usuário: 55119(Administrador)
03/05/2020 09:01:53 Versão do Sistema Operacional: 6.2.9200
03/05/2020 09:01:53 64 Bits: true
03/05/2020 09:01:53  73.0.1.7352 ( 73.0 )
03/05/2020 09:01:53 UAC: Ativado
03/05/2020 09:01:53 Verificando se Firefox está instalado...
03/05/2020 09:01:53 Firefox instalado, ajustando configurações necessárias...
03/05/2020 09:01:53 [Ativação do TLS no Windows] Verificando...
03/05/2020 09:01:53 [Ativação do TLS no Windows] Corrigindo TLS.
03/05/2020 09:01:53 [Ativação do TLS no Windows] Ok.
03/05/2020 09:01:53 [Configurações gerais] Verificando...
03/05/2020 09:01:53 [Configurações gerais] Ok.
03/05/2020 09:01:53 [Instalação de certificados raiz] Verificando...
03/05/2020 09:01:53 [Instalação de certificados raiz] Efetuando download ...
03/05/2020 09:02:07 [Instalação de certificados raiz] Instalando...
03/05/2020 09:02:07 [Instalação de certificados raiz] Ok.
03/05/2020 09:02:07 [Configurações gerais] Verificando...
03/05/2020 09:02:07 [Configurações gerais] Ok.
03/05/2020 09:02:07 [Configurações gerais] Verificando...
03/05/2020 09:02:07 [Configurações gerais] Limpando...
03/05/2020 09:02:07 [Configurações gerais] Ok.
03/05/2020 09:02:07 [Executando a instalação do Guardião] Verificando...
03/05/2020 09:02:08 [Executando a instalação do Guardião] Efetuando download ...
03/05/2020 09:02:14 [Executando a instalação do Guardião] Instalando...
03/05/2020 09:02:23 [Executando a instalação do Guardião] Ok.
03/05/2020 09:02:23 [Restaurando os registros do Warsaw] Verificando...
03/05/2020 09:02:23 [Restaurando os registros do Warsaw] Ok.
03/05/2020 09:02:23 [Verificando arquivos do Guardião] Verificando...
03/05/2020 09:02:23 [Verificando arquivos do Guardião] Ok.
03/05/2020 09:02:23 [Instalando Cliente do Guardião] Verificando...
03/05/2020 09:02:44 [Instalando Cliente do Guardião] Ok.
03/05/2020 09:02:44 [Instalando certificado do Guardião] Verificando...
03/05/2020 09:02:44 [Instalando certificado do Guardião] Instalando...
03/05/2020 09:02:44 [Instalando certificado do Guardião] Ok.
03/05/2020 09:02:44 [Ajustando ambiente] Verificando...
03/05/2020 09:02:44 [Ajustando ambiente] Ok.
03/05/2020 09:02:44 [Concluindo execucao] Verificando...
03/05/2020 09:02:46 [Concluindo execucao] CONCLUÍDO.
03/05/2020 09:02:46 CONCLUÍDO.
